<?xml version="1.0" ?>
<coverage branch-rate="0" branches-covered="0" branches-valid="0" complexity="0" line-rate="1" lines-covered="0" lines-valid="0" timestamp="1667215638469" version="6.2">
	<!-- Generated by coverage.py: https://coverage.readthedocs.io -->
	<!-- Based on https://raw.githubusercontent.com/cobertura/web/master/htdocs/xml/coverage-04.dtd -->
	<sources>
		<source>/home/oussma/Documents/Work/notification-myem-lib</source>
	</sources>
	<packages>
		<package branch-rate="0" complexity="0" line-rate="1" name="notification_lib">
			<classes>
				<class branch-rate="0" complexity="0" filename="notification_lib/__init__.py" line-rate="1" name="__init__.py">
					<methods/>
					<lines/>
				</class>
			</classes>
		</package>
	</packages>
</coverage>
